<?xml version="1.0" encoding="UTF-8"?>
<testng-results skipped="0" failed="0" ignored="0" total="2" passed="2">
  <reporter-output>
  </reporter-output>
  <suite name="Suite" duration-ms="45157" started-at="2020-05-21T10:54:33 IST" finished-at="2020-05-21T10:55:18 IST">
    <groups>
    </groups>
    <test name="Test" duration-ms="45157" started-at="2020-05-21T10:54:33 IST" finished-at="2020-05-21T10:55:18 IST">
      <class name="gittaskpack.DemoTestScript">
        <test-method status="PASS" signature="setup()[pri:0, instance:gittaskpack.DemoTestScript@5579bb86]" name="setup" is-config="true" duration-ms="20354" started-at="2020-05-21T10:54:33 IST" finished-at="2020-05-21T10:54:54 IST">
          <reporter-output>
          </reporter-output>
        </test-method> <!-- setup -->
        <test-method status="PASS" signature="openSeoMenuLink()[pri:1, instance:gittaskpack.DemoTestScript@5579bb86]" name="openSeoMenuLink" duration-ms="5585" started-at="2020-05-21T10:54:54 IST" finished-at="2020-05-21T10:54:59 IST">
          <reporter-output>
          </reporter-output>
        </test-method> <!-- openSeoMenuLink -->
        <test-method status="PASS" signature="quiteBrowser()[pri:0, instance:gittaskpack.DemoTestScript@5579bb86]" name="quiteBrowser" is-config="true" duration-ms="685" started-at="2020-05-21T10:54:59 IST" finished-at="2020-05-21T10:55:00 IST">
          <reporter-output>
          </reporter-output>
        </test-method> <!-- quiteBrowser -->
        <test-method status="PASS" signature="setup()[pri:0, instance:gittaskpack.DemoTestScript@5579bb86]" name="setup" is-config="true" duration-ms="17772" started-at="2020-05-21T10:55:00 IST" finished-at="2020-05-21T10:55:18 IST">
          <reporter-output>
          </reporter-output>
        </test-method> <!-- setup -->
        <test-method status="PASS" signature="DeleteUser()[pri:2, instance:gittaskpack.DemoTestScript@5579bb86]" name="DeleteUser" duration-ms="182" started-at="2020-05-21T10:55:18 IST" finished-at="2020-05-21T10:55:18 IST">
          <reporter-output>
          </reporter-output>
        </test-method> <!-- DeleteUser -->
        <test-method status="PASS" signature="quiteBrowser()[pri:0, instance:gittaskpack.DemoTestScript@5579bb86]" name="quiteBrowser" is-config="true" duration-ms="501" started-at="2020-05-21T10:55:18 IST" finished-at="2020-05-21T10:55:18 IST">
          <reporter-output>
          </reporter-output>
        </test-method> <!-- quiteBrowser -->
      </class> <!-- gittaskpack.DemoTestScript -->
    </test> <!-- Test -->
  </suite> <!-- Suite -->
</testng-results>
